# JRE version: Java(TM) SE Runtime Environment (8.0_271-b09) (build 1.8.0_271-b09)
# Java VM: Java HotSpot(TM) 64-Bit Server VM (25.271-b09 mixed mode windows-amd64 compressed oops)
Heap:
 PSYoungGen      total 361472K, used 212367K [0x0000000780000000, 0x000000079a500000, 0x00000007c0000000)
  eden space 344064K, 59% used [0x0000000780000000,0x000000078c870928,0x0000000795000000)
  from space 17408K, 40% used [0x0000000796e80000,0x0000000797573570,0x0000000797f80000)
  to   space 31232K, 0% used [0x0000000795000000,0x0000000795000000,0x0000000796e80000)
 ParOldGen       total 94208K, used 54078K [0x0000000700000000, 0x0000000705c00000, 0x0000000780000000)
  object space 94208K, 57% used [0x0000000700000000,0x00000007034cfb20,0x0000000705c00000)
 Metaspace       used 56557K, capacity 57556K, committed 57728K, reserved 1099776K
  class space    used 7702K, capacity 7974K, committed 8064K, reserved 1048576K
GC Heap History (10 events):
Event: 82.693 GC heap before
{Heap before GC invocations=9 (full 2):
 PSYoungGen      total 139776K, used 10225K [0x0000000780000000, 0x0000000791180000, 0x00000007c0000000)
  eden space 129536K, 0% used [0x0000000780000000,0x0000000780000000,0x0000000787e80000)
  from space 10240K, 99% used [0x0000000787e80000,0x000000078887c540,0x0000000788880000)
  to   space 12800K, 0% used [0x0000000790500000,0x0000000790500000,0x0000000791180000)
 ParOldGen       total 39424K, used 15768K [0x0000000700000000, 0x0000000702680000, 0x0000000780000000)
  object space 39424K, 39% used [0x0000000700000000,0x0000000700f66380,0x0000000702680000)
 Metaspace       used 34736K, capacity 35272K, committed 35496K, reserved 1079296K
  class space    used 4831K, capacity 5060K, committed 5120K, reserved 1048576K
Event: 82.840 GC heap after
Heap after GC invocations=9 (full 2):
 PSYoungGen      total 139776K, used 0K [0x0000000780000000, 0x0000000791180000, 0x00000007c0000000)
  eden space 129536K, 0% used [0x0000000780000000,0x0000000780000000,0x0000000787e80000)
  from space 10240K, 0% used [0x0000000787e80000,0x0000000787e80000,0x0000000788880000)
  to   space 12800K, 0% used [0x0000000790500000,0x0000000790500000,0x0000000791180000)
 ParOldGen       total 45568K, used 18655K [0x0000000700000000, 0x0000000702c80000, 0x0000000780000000)
  object space 45568K, 40% used [0x0000000700000000,0x0000000701237ef0,0x0000000702c80000)
 Metaspace       used 34736K, capacity 35272K, committed 35496K, reserved 1079296K
  class space    used 4831K, capacity 5060K, committed 5120K, reserved 1048576K
}
Event: 92.139 GC heap before
{Heap before GC invocations=10 (full 2):
 PSYoungGen      total 139776K, used 129536K [0x0000000780000000, 0x0000000791180000, 0x00000007c0000000)
  eden space 129536K, 100% used [0x0000000780000000,0x0000000787e80000,0x0000000787e80000)
  from space 10240K, 0% used [0x0000000787e80000,0x0000000787e80000,0x0000000788880000)
  to   space 12800K, 0% used [0x0000000790500000,0x0000000790500000,0x0000000791180000)
 ParOldGen       total 45568K, used 18655K [0x0000000700000000, 0x0000000702c80000, 0x0000000780000000)
  object space 45568K, 40% used [0x0000000700000000,0x0000000701237ef0,0x0000000702c80000)
 Metaspace       used 41848K, capacity 42556K, committed 42880K, reserved 1085440K
  class space    used 5907K, capacity 6151K, committed 6272K, reserved 1048576K
Event: 92.196 GC heap after
Heap after GC invocations=10 (full 2):
 PSYoungGen      total 250880K, used 10788K [0x0000000780000000, 0x0000000791000000, 0x00000007c0000000)
  eden space 239616K, 0% used [0x0000000780000000,0x0000000780000000,0x000000078ea00000)
  from space 11264K, 95% used [0x0000000790500000,0x0000000790f89350,0x0000000791000000)
  to   space 13824K, 0% used [0x000000078f500000,0x000000078f500000,0x0000000790280000)
 ParOldGen       total 45568K, used 18663K [0x0000000700000000, 0x0000000702c80000, 0x0000000780000000)
  object space 45568K, 40% used [0x0000000700000000,0x0000000701239ef0,0x0000000702c80000)
 Metaspace       used 41848K, capacity 42556K, committed 42880K, reserved 1085440K
  class space    used 5907K, capacity 6151K, committed 6272K, reserved 1048576K
}
Event: 105.527 GC heap before
{Heap before GC invocations=11 (full 2):
 PSYoungGen      total 250880K, used 248790K [0x0000000780000000, 0x0000000791000000, 0x00000007c0000000)
  eden space 239616K, 99% used [0x0000000780000000,0x000000078e86c580,0x000000078ea00000)
  from space 11264K, 95% used [0x0000000790500000,0x0000000790f89350,0x0000000791000000)
  to   space 13824K, 0% used [0x000000078f500000,0x000000078f500000,0x0000000790280000)
 ParOldGen       total 45568K, used 18663K [0x0000000700000000, 0x0000000702c80000, 0x0000000780000000)
  object space 45568K, 40% used [0x0000000700000000,0x0000000701239ef0,0x0000000702c80000)
 Metaspace       used 47684K, capacity 48504K, committed 48896K, reserved 1091584K
  class space    used 6784K, capacity 7041K, committed 7168K, reserved 1048576K
Event: 105.633 GC heap after
Heap after GC invocations=11 (full 2):
 PSYoungGen      total 264704K, used 13808K [0x0000000780000000, 0x0000000797f80000, 0x00000007c0000000)
  eden space 250880K, 0% used [0x0000000780000000,0x0000000780000000,0x000000078f500000)
  from space 13824K, 99% used [0x000000078f500000,0x000000079027c080,0x0000000790280000)
  to   space 17408K, 0% used [0x0000000796e80000,0x0000000796e80000,0x0000000797f80000)
 ParOldGen       total 45568K, used 23162K [0x0000000700000000, 0x0000000702c80000, 0x0000000780000000)
  object space 45568K, 50% used [0x0000000700000000,0x000000070169e948,0x0000000702c80000)
 Metaspace       used 47684K, capacity 48504K, committed 48896K, reserved 1091584K
  class space    used 6784K, capacity 7041K, committed 7168K, reserved 1048576K
}
Event: 150.556 GC heap before
{Heap before GC invocations=12 (full 2):
 PSYoungGen      total 264704K, used 264688K [0x0000000780000000, 0x0000000797f80000, 0x00000007c0000000)
  eden space 250880K, 100% used [0x0000000780000000,0x000000078f500000,0x000000078f500000)
  from space 13824K, 99% used [0x000000078f500000,0x000000079027c080,0x0000000790280000)
  to   space 17408K, 0% used [0x0000000796e80000,0x0000000796e80000,0x0000000797f80000)
 ParOldGen       total 45568K, used 23162K [0x0000000700000000, 0x0000000702c80000, 0x0000000780000000)
  object space 45568K, 50% used [0x0000000700000000,0x000000070169e948,0x0000000702c80000)
 Metaspace       used 53018K, capacity 53936K, committed 54272K, reserved 1095680K
  class space    used 7388K, capacity 7626K, committed 7680K, reserved 1048576K
Event: 150.708 GC heap after
Heap after GC invocations=12 (full 2):
 PSYoungGen      total 361472K, used 17381K [0x0000000780000000, 0x000000079a500000, 0x00000007c0000000)
  eden space 344064K, 0% used [0x0000000780000000,0x0000000780000000,0x0000000795000000)
  from space 17408K, 99% used [0x0000000796e80000,0x0000000797f79760,0x0000000797f80000)
  to   space 31232K, 0% used [0x0000000795000000,0x0000000795000000,0x0000000796e80000)
 ParOldGen       total 54272K, used 53763K [0x0000000700000000, 0x0000000703500000, 0x0000000780000000)
  object space 54272K, 99% used [0x0000000700000000,0x0000000703480dd8,0x0000000703500000)
 Metaspace       used 53018K, capacity 53936K, committed 54272K, reserved 1095680K
  class space    used 7388K, capacity 7626K, committed 7680K, reserved 1048576K
}
Event: 150.708 GC heap before
{Heap before GC invocations=13 (full 3):
 PSYoungGen      total 361472K, used 17381K [0x0000000780000000, 0x000000079a500000, 0x00000007c0000000)
  eden space 344064K, 0% used [0x0000000780000000,0x0000000780000000,0x0000000795000000)
  from space 17408K, 99% used [0x0000000796e80000,0x0000000797f79760,0x0000000797f80000)
  to   space 31232K, 0% used [0x0000000795000000,0x0000000795000000,0x0000000796e80000)
 ParOldGen       total 54272K, used 53763K [0x0000000700000000, 0x0000000703500000, 0x0000000780000000)
  object space 54272K, 99% used [0x0000000700000000,0x0000000703480dd8,0x0000000703500000)
 Metaspace       used 53018K, capacity 53936K, committed 54272K, reserved 1095680K
  class space    used 7388K, capacity 7626K, committed 7680K, reserved 1048576K
Event: 151.320 GC heap after
Heap after GC invocations=13 (full 3):
 PSYoungGen      total 361472K, used 7117K [0x0000000780000000, 0x000000079a500000, 0x00000007c0000000)
  eden space 344064K, 0% used [0x0000000780000000,0x0000000780000000,0x0000000795000000)
  from space 17408K, 40% used [0x0000000796e80000,0x0000000797573570,0x0000000797f80000)
  to   space 31232K, 0% used [0x0000000795000000,0x0000000795000000,0x0000000796e80000)
 ParOldGen       total 94208K, used 54078K [0x0000000700000000, 0x0000000705c00000, 0x0000000780000000)
  object space 94208K, 57% used [0x0000000700000000,0x00000007034cfb20,0x0000000705c00000)
 Metaspace       used 53018K, capacity 53936K, committed 54272K, reserved 1095680K
  class space    used 7388K, capacity 7626K, committed 7680K, reserved 1048576K
}

